2025-08-30 10:38:42,604 INFO: \U0001f680 Starting AI-Driven Self-Healing Security Framework
2025-08-30 10:38:42,621 DEBUG: Using proactor: IocpProactor
2025-08-30 10:38:42,622 INFO: \U0001f680 Autonomous Security Framework started
2025-08-30 10:38:42,622 INFO: Starting Flask API server on port 5001
2025-08-30 10:38:42,626 INFO: \U0001f680 Starting AI-Driven Self-Healing Security Framework
2025-08-30 10:38:42,628 INFO: \U0001f50d Starting autonomous slice monitoring
2025-08-30 10:38:42,628 INFO: \U0001f504 Starting dynamic service restoration
2025-08-30 10:38:42,629 INFO: \U0001f50d Starting continuous flow monitoring
2025-08-30 10:38:42,631 INFO: \U0001f9e0 Starting real-time anomaly detection
2025-08-30 10:38:42,631 INFO: \U0001f6e1\ufe0f Starting autonomous threat mitigation
2025-08-30 10:38:42,631 INFO: \U0001f493 Starting network slice health monitoring
2025-08-30 10:38:42,631 INFO: \U0001f504 Starting self-healing orchestrator
2025-08-30 10:38:42,632 ERROR: Self-healing error: Object of type datetime is not JSON serializable
2025-08-30 10:38:42,632 INFO: \U0001f4da Starting adaptive learning engine
2025-08-30 10:38:42,686 INFO: [31m[1mWARNING: This is a development server. Do not use it in a production deployment. Use a production WSGI server instead.[0m
 * Running on http://127.0.0.1:5001
2025-08-30 10:38:42,687 INFO: [33mPress CTRL+C to quit[0m
2025-08-30 10:48:42,611 ERROR: Self-healing error: Object of type datetime is not JSON serializable
2025-08-30 10:57:16,160 INFO: Flask server has stopped
2025-08-30 10:59:38,409 INFO: \U0001f680 Starting AI-Driven Self-Healing Security Framework
2025-08-30 10:59:38,412 INFO: \U0001f680 Autonomous Security Framework started
2025-08-30 10:59:38,414 DEBUG: Using proactor: IocpProactor
2025-08-30 10:59:38,414 INFO: Starting Flask API server on port 5001
2025-08-30 10:59:38,417 INFO: \U0001f680 Starting AI-Driven Self-Healing Security Framework
2025-08-30 10:59:38,417 INFO: \U0001f50d Starting autonomous slice monitoring
2025-08-30 10:59:38,417 INFO: \U0001f504 Starting dynamic service restoration
2025-08-30 10:59:38,417 INFO: \U0001f50d Starting continuous flow monitoring
2025-08-30 10:59:38,419 INFO: \U0001f9e0 Starting real-time anomaly detection
2025-08-30 10:59:38,420 INFO: \U0001f6e1\ufe0f Starting autonomous threat mitigation
2025-08-30 10:59:38,420 INFO: \U0001f493 Starting network slice health monitoring
2025-08-30 10:59:38,420 INFO: \U0001f504 Starting self-healing orchestrator
2025-08-30 10:59:38,421 ERROR: Self-healing error: Object of type datetime is not JSON serializable
2025-08-30 10:59:38,421 INFO: \U0001f4da Starting adaptive learning engine
2025-08-30 10:59:38,449 INFO: [31m[1mWARNING: This is a development server. Do not use it in a production deployment. Use a production WSGI server instead.[0m
 * Running on http://127.0.0.1:5001
2025-08-30 10:59:38,449 INFO: [33mPress CTRL+C to quit[0m
2025-08-30 11:04:14,101 INFO: Flask server has stopped
2025-08-30 12:43:35,487 INFO: \U0001f680 Starting AI-Driven Self-Healing Security Framework
2025-08-30 12:43:35,489 DEBUG: Using proactor: IocpProactor
2025-08-30 12:43:35,489 INFO: \U0001f680 Autonomous Security Framework started
2025-08-30 12:43:35,489 INFO: Starting Flask API server on port 5001
2025-08-30 12:43:35,490 INFO: \U0001f680 Starting AI-Driven Self-Healing Security Framework
2025-08-30 12:43:35,491 INFO: \U0001f50d Starting autonomous slice monitoring
2025-08-30 12:43:35,491 INFO: \U0001f504 Starting dynamic service restoration
2025-08-30 12:43:35,491 INFO: \U0001f50d Starting continuous flow monitoring
2025-08-30 12:43:35,491 INFO: \U0001f9e0 Starting real-time anomaly detection
2025-08-30 12:43:35,492 INFO: \U0001f6e1\ufe0f Starting autonomous threat mitigation
2025-08-30 12:43:35,492 INFO: \U0001f493 Starting network slice health monitoring
2025-08-30 12:43:35,492 INFO: \U0001f504 Starting self-healing orchestrator
2025-08-30 12:43:35,492 ERROR: Self-healing error: Object of type datetime is not JSON serializable
2025-08-30 12:43:35,492 INFO: \U0001f4da Starting adaptive learning engine
2025-08-30 12:43:35,521 INFO: [31m[1mWARNING: This is a development server. Do not use it in a production deployment. Use a production WSGI server instead.[0m
 * Running on http://127.0.0.1:5001
2025-08-30 12:43:35,521 INFO: [33mPress CTRL+C to quit[0m
2025-08-30 12:47:20,660 INFO: Flask server has stopped
2025-08-30 18:39:58,261 INFO: \U0001f680 Starting AI-Driven Self-Healing Security Framework
2025-08-30 18:39:58,262 DEBUG: Using proactor: IocpProactor
2025-08-30 18:39:58,262 INFO: \U0001f680 Autonomous Security Framework started
2025-08-30 18:39:58,262 INFO: Starting Flask API server on port 5001
2025-08-30 18:39:58,263 INFO: \U0001f680 Starting AI-Driven Self-Healing Security Framework
2025-08-30 18:39:58,263 INFO: \U0001f50d Starting autonomous slice monitoring
2025-08-30 18:39:58,263 INFO: \U0001f504 Starting dynamic service restoration
2025-08-30 18:39:58,264 INFO: \U0001f50d Starting continuous flow monitoring
2025-08-30 18:39:58,264 INFO: \U0001f9e0 Starting real-time anomaly detection
2025-08-30 18:39:58,264 INFO: \U0001f6e1\ufe0f Starting autonomous threat mitigation
2025-08-30 18:39:58,264 INFO: \U0001f493 Starting network slice health monitoring
2025-08-30 18:39:58,264 INFO: \U0001f504 Starting self-healing orchestrator
2025-08-30 18:39:58,265 ERROR: Self-healing error: Object of type datetime is not JSON serializable
2025-08-30 18:39:58,265 INFO: \U0001f4da Starting adaptive learning engine
2025-08-30 18:39:58,279 INFO: [31m[1mWARNING: This is a development server. Do not use it in a production deployment. Use a production WSGI server instead.[0m
 * Running on http://127.0.0.1:5001
2025-08-30 18:39:58,279 INFO: [33mPress CTRL+C to quit[0m
2025-08-30 18:40:23,287 INFO: Flask server has stopped
2025-09-01 21:18:58,787 INFO: \U0001f680 Starting AI-Driven Self-Healing Security Framework
2025-09-01 21:18:58,790 DEBUG: Using proactor: IocpProactor
2025-09-01 21:18:58,790 INFO: \U0001f680 Autonomous Security Framework started
2025-09-01 21:18:58,791 INFO: Starting Flask API server on port 5001
2025-09-01 21:18:58,793 INFO: \U0001f680 Starting AI-Driven Self-Healing Security Framework
2025-09-01 21:18:58,793 INFO: \U0001f50d Starting autonomous slice monitoring
2025-09-01 21:18:58,794 INFO: \U0001f504 Starting dynamic service restoration
2025-09-01 21:18:58,794 INFO: \U0001f50d Starting continuous flow monitoring
2025-09-01 21:18:58,795 INFO: \U0001f9e0 Starting real-time anomaly detection
2025-09-01 21:18:58,795 INFO: \U0001f6e1\ufe0f Starting autonomous threat mitigation
2025-09-01 21:18:58,796 INFO: \U0001f493 Starting network slice health monitoring
2025-09-01 21:18:58,796 INFO: \U0001f504 Starting self-healing orchestrator
2025-09-01 21:18:58,796 ERROR: Self-healing error: Object of type datetime is not JSON serializable
2025-09-01 21:18:58,797 INFO: \U0001f4da Starting adaptive learning engine
2025-09-01 21:18:58,832 INFO: [31m[1mWARNING: This is a development server. Do not use it in a production deployment. Use a production WSGI server instead.[0m
 * Running on http://127.0.0.1:5001
2025-09-01 21:18:58,832 INFO: [33mPress CTRL+C to quit[0m
2025-09-01 21:23:07,196 INFO: Flask server has stopped
2025-09-01 21:24:11,282 INFO: \U0001f680 Starting AI-Driven Self-Healing Security Framework
2025-09-01 21:24:11,284 DEBUG: Using proactor: IocpProactor
2025-09-01 21:24:11,284 INFO: \U0001f680 Autonomous Security Framework started
2025-09-01 21:24:11,285 INFO: Starting Flask API server on port 5001
2025-09-01 21:24:11,286 INFO: \U0001f680 Starting AI-Driven Self-Healing Security Framework
2025-09-01 21:24:11,286 INFO: \U0001f50d Starting autonomous slice monitoring
2025-09-01 21:24:11,286 INFO: \U0001f504 Starting dynamic service restoration
2025-09-01 21:24:11,286 INFO: \U0001f50d Starting continuous flow monitoring
2025-09-01 21:24:11,287 INFO: \U0001f9e0 Starting real-time anomaly detection
2025-09-01 21:24:11,287 INFO: \U0001f6e1\ufe0f Starting autonomous threat mitigation
2025-09-01 21:24:11,287 INFO: \U0001f493 Starting network slice health monitoring
2025-09-01 21:24:11,288 INFO: \U0001f504 Starting self-healing orchestrator
2025-09-01 21:24:11,288 ERROR: Self-healing error: Object of type datetime is not JSON serializable
2025-09-01 21:24:11,288 INFO: \U0001f4da Starting adaptive learning engine
2025-09-01 21:24:11,304 INFO: [31m[1mWARNING: This is a development server. Do not use it in a production deployment. Use a production WSGI server instead.[0m
 * Running on http://127.0.0.1:5001
2025-09-01 21:24:11,304 INFO: [33mPress CTRL+C to quit[0m
2025-09-01 21:33:49,206 INFO: Flask server has stopped
2025-09-01 21:33:53,937 INFO: \U0001f680 Starting AI-Driven Self-Healing Security Framework
2025-09-01 21:33:53,939 DEBUG: Using proactor: IocpProactor
2025-09-01 21:33:53,939 INFO: \U0001f680 Autonomous Security Framework started
2025-09-01 21:33:53,939 INFO: Starting Flask API server on port 5001
2025-09-01 21:33:53,940 INFO: \U0001f680 Starting AI-Driven Self-Healing Security Framework
2025-09-01 21:33:53,940 INFO: \U0001f50d Starting autonomous slice monitoring
2025-09-01 21:33:53,941 INFO: \U0001f504 Starting dynamic service restoration
2025-09-01 21:33:53,941 INFO: \U0001f50d Starting continuous flow monitoring
2025-09-01 21:33:53,942 INFO: \U0001f9e0 Starting real-time anomaly detection
2025-09-01 21:33:53,942 INFO: \U0001f6e1\ufe0f Starting autonomous threat mitigation
2025-09-01 21:33:53,942 INFO: \U0001f493 Starting network slice health monitoring
2025-09-01 21:33:53,943 INFO: \U0001f504 Starting self-healing orchestrator
2025-09-01 21:33:53,944 ERROR: Self-healing error: Object of type datetime is not JSON serializable
2025-09-01 21:33:53,944 INFO: \U0001f4da Starting adaptive learning engine
2025-09-01 21:33:53,957 INFO: [31m[1mWARNING: This is a development server. Do not use it in a production deployment. Use a production WSGI server instead.[0m
 * Running on http://127.0.0.1:5001
2025-09-01 21:33:53,957 INFO: [33mPress CTRL+C to quit[0m
2025-09-01 22:03:53,944 ERROR: Self-healing error: Object of type datetime is not JSON serializable
2025-09-01 22:09:42,847 DEBUG: Received request data: {'traffic': [18, 25, 32, 28, 22, 35, 45, 38, 42, 55, 68, 72, 65, 58, 62, 75, 82, 78, 32, 38], 'ip_address': '192.168.58.1', 'packet_data': {'packet_rate': 927, 'avg_packet_size': 1500}, 'network_slice': 'eMBB'}
2025-09-01 22:09:42,847 ERROR: Error in /predict: name 'ml_engine' is not defined
Traceback (most recent call last):
  File "C:\Users\HP\OneDrive\Project\SentinelAi\model\app\app.py", line 92, in predict
    detection_result = ml_engine.detect_ddos(flow_features)
                       ^^^^^^^^^
NameError: name 'ml_engine' is not defined
2025-09-01 22:09:42,855 INFO: 127.0.0.1 - - [01/Sep/2025 22:09:42] "[35m[1mPOST /predict HTTP/1.1[0m" 500 -
2025-09-01 22:09:47,789 DEBUG: Received request data: {'traffic': [18, 25, 32, 28, 22, 35, 45, 38, 42, 55, 68, 72, 65, 58, 62, 75, 82, 78, 32, 38], 'ip_address': '192.168.58.1', 'packet_data': {'packet_rate': 790, 'avg_packet_size': 1500}, 'network_slice': 'eMBB'}
2025-09-01 22:09:47,789 ERROR: Error in /predict: name 'ml_engine' is not defined
Traceback (most recent call last):
  File "C:\Users\HP\OneDrive\Project\SentinelAi\model\app\app.py", line 92, in predict
    detection_result = ml_engine.detect_ddos(flow_features)
                       ^^^^^^^^^
NameError: name 'ml_engine' is not defined
2025-09-01 22:09:47,793 INFO: 127.0.0.1 - - [01/Sep/2025 22:09:47] "[35m[1mPOST /predict HTTP/1.1[0m" 500 -
2025-09-01 22:13:54,152 ERROR: Self-healing error: Object of type datetime is not JSON serializable
